<?xml version="1.0" encoding="UTF-8"?>
<!-- Generated by org.testng.reporters.JUnitReportReporter -->
<testsuite hostname="SRB" failures="0" tests="1" name="btm.LoginPage" time="51.308" errors="0" timestamp="2023-07-13T14:36:21 IST" skipped="0">
  <testcase classname="btm.LoginPage" name="login" time="51.308"/>
  <system-out/>
</testsuite> <!-- btm.LoginPage -->
